<?xml version="1.0" encoding="UTF-8"?>
<!-- Generated by org.testng.reporters.JUnitXMLReporter -->
<testsuite hostname="LAPTOP-QP7PPVBF" ignored="0" name="OrangeHRMLogin" tests="4" failures="4" timestamp="24 Oct 2021 12:32:09 GMT" time="0.063" errors="0">
  <testcase name="EnterloginDetailsTest" time="0.016" classname="com.automationtesting.SeleniumProgramming.OrangeHRMTest">
    <failure type="java.lang.RuntimeException" message="Test not implemented">
      <![CDATA[java.lang.RuntimeException: Test not implemented
	at com.automationtesting.SeleniumProgramming.OrangeHRMTest.EnterloginDetailsTest(OrangeHRMTest.java:9)
... Removed 25 stack frames]]>
    </failure>
  </testcase> <!-- EnterloginDetailsTest -->
  <testcase name="LaunchAppTest" time="0.002" classname="com.automationtesting.SeleniumProgramming.OrangeHRMTest">
    <failure type="java.lang.RuntimeException" message="Test not implemented">
      <![CDATA[java.lang.RuntimeException: Test not implemented
	at com.automationtesting.SeleniumProgramming.OrangeHRMTest.LaunchAppTest(OrangeHRMTest.java:14)
... Removed 25 stack frames]]>
    </failure>
  </testcase> <!-- LaunchAppTest -->
  <testcase name="initializeBrowserTest" time="0.001" classname="com.automationtesting.SeleniumProgramming.OrangeHRMTest">
    <failure type="java.lang.RuntimeException" message="Test not implemented">
      <![CDATA[java.lang.RuntimeException: Test not implemented
	at com.automationtesting.SeleniumProgramming.OrangeHRMTest.initializeBrowserTest(OrangeHRMTest.java:19)
... Removed 25 stack frames]]>
    </failure>
  </testcase> <!-- initializeBrowserTest -->
  <testcase name="tearDownTest" time="0.001" classname="com.automationtesting.SeleniumProgramming.OrangeHRMTest">
    <failure type="java.lang.RuntimeException" message="Test not implemented">
      <![CDATA[java.lang.RuntimeException: Test not implemented
	at com.automationtesting.SeleniumProgramming.OrangeHRMTest.tearDownTest(OrangeHRMTest.java:24)
... Removed 25 stack frames]]>
    </failure>
  </testcase> <!-- tearDownTest -->
</testsuite> <!-- OrangeHRMLogin -->
